# JRE version: OpenJDK Runtime Environment Microsoft-8035246 (17.0.8+7) (build 17.0.8+7-LTS)
# Java VM: OpenJDK 64-Bit Server VM Microsoft-8035246 (17.0.8+7-LTS, mixed mode, sharing, tiered, compressed oops, compressed class ptrs, g1 gc, windows-amd64)
GC Precious Log:
 CPUs: 4 total, 4 available
 Memory: 7366M
 Large Page Support: Disabled
 NUMA Support: Disabled
 Compressed Oops: Enabled (32-bit)
 Heap Region Size: 1M
 Heap Min Capacity: 8M
 Heap Initial Capacity: 116M
 Heap Max Capacity: 2G
 Pre-touch: Disabled
 Parallel Workers: 4
 Concurrent Workers: 1
 Concurrent Refinement Workers: 4
 Periodic GC: Disabled
Heap:
 garbage-first heap   total 362496K, used 243114K [0x0000000080000000, 0x0000000100000000)
  region size 1024K, 54 young (55296K), 5 survivors (5120K)
 Metaspace       used 106363K, committed 107776K, reserved 557056K
  class space    used 14737K, committed 15424K, reserved 425984K
GC Heap History (20 events):
Event: 87.491 GC heap before
{Heap before GC invocations=45 (full 0):
 garbage-first heap   total 181248K, used 97904K [0x0000000080000000, 0x0000000100000000)
  region size 1024K, 8 young (8192K), 4 survivors (4096K)
 Metaspace       used 84471K, committed 85248K, reserved 557056K
  class space    used 11920K, committed 12288K, reserved 425984K
}
Event: 87.504 GC heap after
{Heap after GC invocations=46 (full 0):
 garbage-first heap   total 181248K, used 94954K [0x0000000080000000, 0x0000000100000000)
  region size 1024K, 1 young (1024K), 1 survivors (1024K)
 Metaspace       used 84471K, committed 85248K, reserved 557056K
  class space    used 11920K, committed 12288K, reserved 425984K
}
Event: 91.067 GC heap before
{Heap before GC invocations=46 (full 0):
 garbage-first heap   total 181248K, used 147178K [0x0000000080000000, 0x0000000100000000)
  region size 1024K, 52 young (53248K), 1 survivors (1024K)
 Metaspace       used 86928K, committed 87808K, reserved 557056K
  class space    used 12315K, committed 12736K, reserved 425984K
}
Event: 91.090 GC heap after
{Heap after GC invocations=47 (full 0):
 garbage-first heap   total 181248K, used 100353K [0x0000000080000000, 0x0000000100000000)
  region size 1024K, 6 young (6144K), 6 survivors (6144K)
 Metaspace       used 86928K, committed 87808K, reserved 557056K
  class space    used 12315K, committed 12736K, reserved 425984K
}
Event: 94.820 GC heap before
{Heap before GC invocations=47 (full 0):
 garbage-first heap   total 181248K, used 147457K [0x0000000080000000, 0x0000000100000000)
  region size 1024K, 52 young (53248K), 6 survivors (6144K)
 Metaspace       used 88421K, committed 89408K, reserved 557056K
  class space    used 12517K, committed 12992K, reserved 425984K
}
Event: 94.864 GC heap after
{Heap after GC invocations=48 (full 0):
 garbage-first heap   total 181248K, used 111112K [0x0000000080000000, 0x0000000100000000)
  region size 1024K, 7 young (7168K), 7 survivors (7168K)
 Metaspace       used 88421K, committed 89408K, reserved 557056K
  class space    used 12517K, committed 12992K, reserved 425984K
}
Event: 97.084 GC heap before
{Heap before GC invocations=48 (full 0):
 garbage-first heap   total 181248K, used 150024K [0x0000000080000000, 0x0000000100000000)
  region size 1024K, 42 young (43008K), 7 survivors (7168K)
 Metaspace       used 90057K, committed 91200K, reserved 557056K
  class space    used 12669K, committed 13184K, reserved 425984K
}
Event: 97.120 GC heap after
{Heap after GC invocations=49 (full 0):
 garbage-first heap   total 181248K, used 122582K [0x0000000080000000, 0x0000000100000000)
  region size 1024K, 6 young (6144K), 6 survivors (6144K)
 Metaspace       used 90057K, committed 91200K, reserved 557056K
  class space    used 12669K, committed 13184K, reserved 425984K
}
Event: 98.356 GC heap before
{Heap before GC invocations=49 (full 0):
 garbage-first heap   total 181248K, used 150230K [0x0000000080000000, 0x0000000100000000)
  region size 1024K, 31 young (31744K), 6 survivors (6144K)
 Metaspace       used 90506K, committed 91648K, reserved 557056K
  class space    used 12712K, committed 13248K, reserved 425984K
}
Event: 98.393 GC heap after
{Heap after GC invocations=50 (full 0):
 garbage-first heap   total 362496K, used 130940K [0x0000000080000000, 0x0000000100000000)
  region size 1024K, 4 young (4096K), 4 survivors (4096K)
 Metaspace       used 90506K, committed 91648K, reserved 557056K
  class space    used 12712K, committed 13248K, reserved 425984K
}
Event: 102.945 GC heap before
{Heap before GC invocations=50 (full 0):
 garbage-first heap   total 362496K, used 242556K [0x0000000080000000, 0x0000000100000000)
  region size 1024K, 107 young (109568K), 4 survivors (4096K)
 Metaspace       used 94603K, committed 95808K, reserved 557056K
  class space    used 13311K, committed 13824K, reserved 425984K
}
Event: 103.019 GC heap after
{Heap after GC invocations=51 (full 0):
 garbage-first heap   total 362496K, used 157582K [0x0000000080000000, 0x0000000100000000)
  region size 1024K, 14 young (14336K), 14 survivors (14336K)
 Metaspace       used 94603K, committed 95808K, reserved 557056K
  class space    used 13311K, committed 13824K, reserved 425984K
}
Event: 107.969 GC heap before
{Heap before GC invocations=51 (full 0):
 garbage-first heap   total 362496K, used 252814K [0x0000000080000000, 0x0000000100000000)
  region size 1024K, 107 young (109568K), 14 survivors (14336K)
 Metaspace       used 103265K, committed 104448K, reserved 557056K
  class space    used 14406K, committed 14976K, reserved 425984K
}
Event: 108.056 GC heap after
{Heap after GC invocations=52 (full 0):
 garbage-first heap   total 362496K, used 169140K [0x0000000080000000, 0x0000000100000000)
  region size 1024K, 11 young (11264K), 11 survivors (11264K)
 Metaspace       used 103265K, committed 104448K, reserved 557056K
  class space    used 14406K, committed 14976K, reserved 425984K
}
Event: 111.646 GC heap before
{Heap before GC invocations=52 (full 0):
 garbage-first heap   total 362496K, used 265396K [0x0000000080000000, 0x0000000100000000)
  region size 1024K, 105 young (107520K), 11 survivors (11264K)
 Metaspace       used 104469K, committed 105728K, reserved 557056K
  class space    used 14510K, committed 15104K, reserved 425984K
}
Event: 111.714 GC heap after
{Heap after GC invocations=53 (full 0):
 garbage-first heap   total 362496K, used 180085K [0x0000000080000000, 0x0000000100000000)
  region size 1024K, 12 young (12288K), 12 survivors (12288K)
 Metaspace       used 104469K, committed 105728K, reserved 557056K
  class space    used 14510K, committed 15104K, reserved 425984K
}
Event: 115.114 GC heap before
{Heap before GC invocations=53 (full 0):
 garbage-first heap   total 362496K, used 274293K [0x0000000080000000, 0x0000000100000000)
  region size 1024K, 104 young (106496K), 12 survivors (12288K)
 Metaspace       used 105597K, committed 106944K, reserved 557056K
  class space    used 14664K, committed 15296K, reserved 425984K
}
Event: 115.203 GC heap after
{Heap after GC invocations=54 (full 0):
 garbage-first heap   total 362496K, used 189837K [0x0000000080000000, 0x0000000100000000)
  region size 1024K, 10 young (10240K), 10 survivors (10240K)
 Metaspace       used 105597K, committed 106944K, reserved 557056K
  class space    used 14664K, committed 15296K, reserved 425984K
}
Event: 118.977 GC heap before
{Heap before GC invocations=54 (full 0):
 garbage-first heap   total 362496K, used 280973K [0x0000000080000000, 0x0000000100000000)
  region size 1024K, 100 young (102400K), 10 survivors (10240K)
 Metaspace       used 106236K, committed 107584K, reserved 557056K
  class space    used 14724K, committed 15360K, reserved 425984K
}
Event: 119.040 GC heap after
{Heap after GC invocations=55 (full 0):
 garbage-first heap   total 362496K, used 194986K [0x0000000080000000, 0x0000000100000000)
  region size 1024K, 5 young (5120K), 5 survivors (5120K)
 Metaspace       used 106236K, committed 107584K, reserved 557056K
  class space    used 14724K, committed 15360K, reserved 425984K
}

