# JRE version: OpenJDK Runtime Environment Microsoft-8035246 (17.0.8+7) (build 17.0.8+7-LTS)
# Java VM: OpenJDK 64-Bit Server VM Microsoft-8035246 (17.0.8+7-LTS, mixed mode, sharing, tiered, compressed oops, compressed class ptrs, g1 gc, windows-amd64)
GC Precious Log:
 CPUs: 4 total, 4 available
 Memory: 7366M
 Large Page Support: Disabled
 NUMA Support: Disabled
 Compressed Oops: Enabled (32-bit)
 Heap Region Size: 1M
 Heap Min Capacity: 8M
 Heap Initial Capacity: 116M
 Heap Max Capacity: 2G
 Pre-touch: Disabled
 Parallel Workers: 4
 Concurrent Workers: 1
 Concurrent Refinement Workers: 4
 Periodic GC: Disabled
Heap:
 garbage-first heap   total 436224K, used 246667K [0x0000000080000000, 0x0000000100000000)
  region size 1024K, 71 young (72704K), 10 survivors (10240K)
 Metaspace       used 101082K, committed 102400K, reserved 557056K
  class space    used 14099K, committed 14720K, reserved 425984K
GC Heap History (20 events):
Event: 56.886 GC heap before
{Heap before GC invocations=45 (full 0):
 garbage-first heap   total 243712K, used 99285K [0x0000000080000000, 0x0000000100000000)
  region size 1024K, 11 young (11264K), 6 survivors (6144K)
 Metaspace       used 85383K, committed 86144K, reserved 557056K
  class space    used 12051K, committed 12416K, reserved 425984K
}
Event: 56.905 GC heap after
{Heap after GC invocations=46 (full 0):
 garbage-first heap   total 243712K, used 96100K [0x0000000080000000, 0x0000000100000000)
  region size 1024K, 2 young (2048K), 2 survivors (2048K)
 Metaspace       used 85383K, committed 86144K, reserved 557056K
  class space    used 12051K, committed 12416K, reserved 425984K
}
Event: 60.714 GC heap before
{Heap before GC invocations=46 (full 0):
 garbage-first heap   total 243712K, used 190308K [0x0000000080000000, 0x0000000100000000)
  region size 1024K, 94 young (96256K), 2 survivors (2048K)
 Metaspace       used 89692K, committed 90752K, reserved 557056K
  class space    used 12657K, committed 13120K, reserved 425984K
}
Event: 60.764 GC heap after
{Heap after GC invocations=47 (full 0):
 garbage-first heap   total 243712K, used 113596K [0x0000000080000000, 0x0000000100000000)
  region size 1024K, 12 young (12288K), 12 survivors (12288K)
 Metaspace       used 89692K, committed 90752K, reserved 557056K
  class space    used 12657K, committed 13120K, reserved 425984K
}
Event: 63.391 GC heap before
{Heap before GC invocations=47 (full 0):
 garbage-first heap   total 243712K, used 192444K [0x0000000080000000, 0x0000000100000000)
  region size 1024K, 84 young (86016K), 12 survivors (12288K)
 Metaspace       used 90714K, committed 91840K, reserved 557056K
  class space    used 12753K, committed 13248K, reserved 425984K
}
Event: 63.440 GC heap after
{Heap after GC invocations=48 (full 0):
 garbage-first heap   total 243712K, used 137216K [0x0000000080000000, 0x0000000100000000)
  region size 1024K, 11 young (11264K), 11 survivors (11264K)
 Metaspace       used 90714K, committed 91840K, reserved 557056K
  class space    used 12753K, committed 13248K, reserved 425984K
}
Event: 63.659 GC heap before
{Heap before GC invocations=48 (full 0):
 garbage-first heap   total 243712K, used 145408K [0x0000000080000000, 0x0000000100000000)
  region size 1024K, 20 young (20480K), 11 survivors (11264K)
 Metaspace       used 90778K, committed 91904K, reserved 557056K
  class space    used 12760K, committed 13248K, reserved 425984K
}
Event: 63.680 GC heap after
{Heap after GC invocations=49 (full 0):
 garbage-first heap   total 243712K, used 140100K [0x0000000080000000, 0x0000000100000000)
  region size 1024K, 2 young (2048K), 2 survivors (2048K)
 Metaspace       used 90778K, committed 91904K, reserved 557056K
  class space    used 12760K, committed 13248K, reserved 425984K
}
Event: 65.509 GC heap before
{Heap before GC invocations=50 (full 0):
 garbage-first heap   total 261120K, used 198468K [0x0000000080000000, 0x0000000100000000)
  region size 1024K, 53 young (54272K), 2 survivors (2048K)
 Metaspace       used 92421K, committed 93632K, reserved 557056K
  class space    used 12975K, committed 13504K, reserved 425984K
}
Event: 65.538 GC heap after
{Heap after GC invocations=51 (full 0):
 garbage-first heap   total 261120K, used 156664K [0x0000000080000000, 0x0000000100000000)
  region size 1024K, 7 young (7168K), 7 survivors (7168K)
 Metaspace       used 92421K, committed 93632K, reserved 557056K
  class space    used 12975K, committed 13504K, reserved 425984K
}
Event: 65.660 GC heap before
{Heap before GC invocations=51 (full 0):
 garbage-first heap   total 261120K, used 161784K [0x0000000080000000, 0x0000000100000000)
  region size 1024K, 12 young (12288K), 7 survivors (7168K)
 Metaspace       used 92874K, committed 94080K, reserved 557056K
  class space    used 13043K, committed 13568K, reserved 425984K
}
Event: 65.683 GC heap after
{Heap after GC invocations=52 (full 0):
 garbage-first heap   total 261120K, used 157696K [0x0000000080000000, 0x0000000100000000)
  region size 1024K, 1 young (1024K), 1 survivors (1024K)
 Metaspace       used 92874K, committed 94080K, reserved 557056K
  class space    used 13043K, committed 13568K, reserved 425984K
}
Event: 67.103 GC heap before
{Heap before GC invocations=52 (full 0):
 garbage-first heap   total 261120K, used 207872K [0x0000000080000000, 0x0000000100000000)
  region size 1024K, 50 young (51200K), 1 survivors (1024K)
 Metaspace       used 96530K, committed 97792K, reserved 557056K
  class space    used 13574K, committed 14144K, reserved 425984K
}
Event: 67.129 GC heap after
{Heap after GC invocations=53 (full 0):
 garbage-first heap   total 436224K, used 160507K [0x0000000080000000, 0x0000000100000000)
  region size 1024K, 4 young (4096K), 4 survivors (4096K)
 Metaspace       used 96530K, committed 97792K, reserved 557056K
  class space    used 13574K, committed 14144K, reserved 425984K
}
Event: 71.494 GC heap before
{Heap before GC invocations=54 (full 0):
 garbage-first heap   total 436224K, used 314107K [0x0000000080000000, 0x0000000100000000)
  region size 1024K, 154 young (157696K), 4 survivors (4096K)
 Metaspace       used 99244K, committed 100608K, reserved 557056K
  class space    used 13871K, committed 14464K, reserved 425984K
}
Event: 71.566 GC heap after
{Heap after GC invocations=55 (full 0):
 garbage-first heap   total 436224K, used 176898K [0x0000000080000000, 0x0000000100000000)
  region size 1024K, 20 young (20480K), 20 survivors (20480K)
 Metaspace       used 99244K, committed 100608K, reserved 557056K
  class space    used 13871K, committed 14464K, reserved 425984K
}
Event: 71.595 GC heap before
{Heap before GC invocations=55 (full 0):
 garbage-first heap   total 436224K, used 177922K [0x0000000080000000, 0x0000000100000000)
  region size 1024K, 21 young (21504K), 20 survivors (20480K)
 Metaspace       used 99244K, committed 100608K, reserved 557056K
  class space    used 13871K, committed 14464K, reserved 425984K
}
Event: 71.645 GC heap after
{Heap after GC invocations=56 (full 0):
 garbage-first heap   total 436224K, used 177214K [0x0000000080000000, 0x0000000100000000)
  region size 1024K, 2 young (2048K), 2 survivors (2048K)
 Metaspace       used 99244K, committed 100608K, reserved 557056K
  class space    used 13871K, committed 14464K, reserved 425984K
}
Event: 76.268 GC heap before
{Heap before GC invocations=56 (full 0):
 garbage-first heap   total 436224K, used 320574K [0x0000000080000000, 0x0000000100000000)
  region size 1024K, 143 young (146432K), 2 survivors (2048K)
 Metaspace       used 100733K, committed 102080K, reserved 557056K
  class space    used 14034K, committed 14656K, reserved 425984K
}
Event: 76.298 GC heap after
{Heap after GC invocations=57 (full 0):
 garbage-first heap   total 436224K, used 185227K [0x0000000080000000, 0x0000000100000000)
  region size 1024K, 10 young (10240K), 10 survivors (10240K)
 Metaspace       used 100733K, committed 102080K, reserved 557056K
  class space    used 14034K, committed 14656K, reserved 425984K
}

